<?xml version="1.0" encoding="UTF-8"?>
<!-- Generated by org.testng.reporters.JUnitXMLReporter -->
<testsuite ignored="0" hostname="LTIN513361" failures="0" tests="8" name="chrome test" time="167.616" errors="0" timestamp="2024-06-03T12:33:36 IST">
  <testcase classname="testCases.Main" name="testUserInfo" time="22.185"/>
  <testcase classname="testCases.Main" name="testHeaderList" time="118.621"/>
  <testcase classname="testCases.Main" name="testEthicsAndComplianceVisibility" time="2.264"/>
  <testcase classname="testCases.Main" name="testnavigation" time="1.112"/>
  <testcase classname="testCases.Main" name="testResourcesOrLinkValidity" time="2.164"/>
  <testcase classname="testCases.Main" name="testprintInformation" time="0.147"/>
  <testcase classname="testCases.Main" name="testPageInformationValidity" time="0.022"/>
  <testcase classname="testCases.Main" name="testPagetInformation" time="0.053"/>
</testsuite> <!-- chrome test -->
